Fri Jul 28 20:16:06 2023 INFO: Noise machine already exists for: thunderNoiseGenerator.php
Fri Jul 28 20:16:06 2023 INFO: Noise machine already exists for: campingRainNoiseGenerator.php
Fri Jul 28 20:16:06 2023 INFO: Noise machine already exists for: fireNoiseGenerator.php
Fri Jul 28 20:16:06 2023 INFO: Noise machine already exists for: tinRoofRainNoiseGenerator.php
Fri Jul 28 20:16:06 2023 INFO: Noise machine already exists for: whiteNoiseGenerator.php
Fri Jul 28 20:16:06 2023 INFO: Noise machine already exists for: greyNoiseGenerator.php
Fri Jul 28 20:16:06 2023 INFO: Noise machine already exists for: impulseNoiseGenerator.php
Fri Jul 28 20:16:06 2023 INFO: Noise machine already exists for: sweepNoiseGenerator.php
Fri Jul 28 20:16:06 2023 INFO: Noise machine already exists for: binauralBrainwaveGenerator.php
Fri Jul 28 20:16:06 2023 INFO: Noise machine already exists for: isochronicBrainwaveGenerator.php
Fri Jul 28 20:16:06 2023 INFO: Noise machine already exists for: pureBinauralBrainwaveGenerator.php
Fri Jul 28 20:16:06 2023 INFO: Noise machine already exists for: auralScannerNoiseGenerator.php
Fri Jul 28 20:16:06 2023 INFO: Noise machine already exists for: japaneseGardenSoundscapeGenerator.php
Fri Jul 28 20:16:06 2023 INFO: Noise machine already exists for: windSeaRainNoiseGenerator.php
Fri Jul 28 20:16:06 2023 INFO: Noise machine already exists for: primevalEuropeanForestSoundscapeGenerator.php
Fri Jul 28 20:16:06 2023 INFO: Noise machine already exists for: healingWaterSoundscapeGenerator.php
Fri Jul 28 20:16:06 2023 INFO: Noise machine already exists for: autumnWalkSoundscapeGenerator.php
Fri Jul 28 20:16:06 2023 INFO: Noise machine already exists for: customStormy.php
Fri Jul 28 20:16:06 2023 INFO: Noise machine already exists for: medievalVillageSoundscapeGenerator.php
Fri Jul 28 20:16:06 2023 INFO: Noise machine already exists for: customTheNameOfTheRose.php
Fri Jul 28 20:16:06 2023 INFO: Noise machine already exists for: magicSirenSongGenerator.php
Fri Jul 28 20:16:06 2023 INFO: Noise machine already exists for: magicRainyDaysGenerator.php
Fri Jul 28 20:16:06 2023 INFO: Noise machine already exists for: magicMeditationGenerator.php
Fri Jul 28 20:16:06 2023 INFO: Noise machine already exists for: magicSpaceGenerator.php
Fri Jul 28 20:16:06 2023 INFO: Noise machine already exists for: gregorianChoirGenerator.php
Fri Jul 28 20:16:06 2023 INFO: Noise machine already exists for: enliaVocalSoundscape.php
Fri Jul 28 20:16:06 2023 INFO: Noise machine already exists for: deepVoiceSoundscape.php
Fri Jul 28 20:16:06 2023 INFO: Noise machine already exists for: tongueDrumSoundscapeGenerator.php
Fri Jul 28 20:16:06 2023 INFO: Noise machine already exists for: dudukSoundGenerator.php
Fri Jul 28 20:16:06 2023 INFO: Noise machine already exists for: acousticPianoSoundscapeGenerator.php
Fri Jul 28 20:16:06 2023 INFO: Noise machine already exists for: benClarkMarimbaGenerator.php
Fri Jul 28 20:16:06 2023 INFO: Noise machine already exists for: cinematicEasternSoundscapeGenerator.php
Fri Jul 28 20:16:06 2023 INFO: Noise machine already exists for: japaneseSuikinkutsuSoundscapeGenerator.php
Fri Jul 28 20:16:06 2023 INFO: Noise machine already exists for: rhodesSoundscapeGenerator.php
Fri Jul 28 20:16:06 2023 INFO: Noise machine already exists for: paulNagleSequenceGenerator.php
Fri Jul 28 20:16:06 2023 INFO: Noise machine already exists for: twinBlackLodgesSoundscapeGenerator.php
Fri Jul 28 20:16:06 2023 INFO: Noise machine already exists for: loadingScreenSoundscapeGenerator.php
Fri Jul 28 20:16:06 2023 INFO: Noise machine already exists for: intergalacticSoundscapeGenerator.php
Fri Jul 28 20:16:06 2023 INFO: Noise machine already exists for: sleepingDragonToneGenerator.php
Fri Jul 28 20:16:06 2023 INFO: Noise machine already exists for: anamnesisSoundscapeGenerator.php
Fri Jul 28 20:16:06 2023 INFO: Noise machine already exists for: osmosisDroneGenerator.php
Fri Jul 28 20:16:06 2023 INFO: Noise machine already exists for: buddhistTempleCeremonySoundscapeGenerator.php
Fri Jul 28 20:16:06 2023 INFO: Noise machine already exists for: cafeRestaurantNoiseGenerator.php
Fri Jul 28 20:16:06 2023 INFO: Noise machine already exists for: carInteriorSoundscapeGenerator.php
Fri Jul 28 20:16:06 2023 INFO: Noise machine already exists for: churchAtmosphereSoundGenerator.php
Fri Jul 28 20:16:06 2023 INFO: Noise machine already exists for: dataCenterNoiseGenerator.php
Fri Jul 28 20:16:06 2023 INFO: Noise machine already exists for: dustyScratchedVinylNoiseGenerator.php
Fri Jul 28 20:16:06 2023 INFO: Noise machine already exists for: fanNoiseGenerator.php
Fri Jul 28 20:16:06 2023 INFO: Noise machine already exists for: steelMillNoiseGenerator.php
Fri Jul 28 20:16:06 2023 INFO: Noise machine already exists for: industrialRevolutionNoiseGenerator.php
Fri Jul 28 20:16:06 2023 INFO: Noise machine already exists for: railroadNoiseGenerator.php
Fri Jul 28 20:16:06 2023 INFO: Noise machine already exists for: spaceshipNoiseGenerator.php
Fri Jul 28 20:16:06 2023 INFO: Noise machine already exists for: propellerNoiseGenerator.php
Fri Jul 28 20:16:06 2023 INFO: Noise machine already exists for: squeakingSailboatSoundscapeGenerator.php
Fri Jul 28 20:16:06 2023 INFO: Noise machine already exists for: cabinNoiseGenerator.php
Fri Jul 28 20:16:06 2023 INFO: Noise machine already exists for: customRainInTheCity.php
Fri Jul 28 20:16:06 2023 INFO: Noise machine already exists for: singingBowlsDroneGenerator.php
Fri Jul 28 20:16:06 2023 INFO: Noise machine already exists for: throatSingingDroneGenerator.php
Fri Jul 28 20:16:06 2023 INFO: Noise machine already exists for: iceDroneGenerator.php
Fri Jul 28 20:16:06 2023 INFO: Noise machine already exists for: orchestronDroneGenerator.php
Fri Jul 28 20:16:06 2023 INFO: Noise machine already exists for: polyrhythmBeatGenerator.php
Fri Jul 28 20:16:06 2023 INFO: Noise machine already exists for: stalactitesCaveChimeSoundscapeGenerator.php
Fri Jul 28 20:16:06 2023 INFO: Noise machine already exists for: contemplationCaveGenerator.php
Fri Jul 28 20:16:06 2023 ERROR: Couldn't find noise machine waterfallNoiseGenerator.php. Consider scraping title at url: https://mynoise.net/superGenerator.php?g1=singingBowlsDroneGenerator.php%3Fc%3D3%26l%3D25192029212420283620%26a%3D1&amp;g2=waterfallNoiseGenerator.php%3Fc%3D3%26l%3D39343534352727262834&amp;g3=caveExplorationNoiseGenerator.php%3Fc%3D3%26l%3D65593534352727262835&amp;g4=infiniteChoirDroneGenerator.php%3Fc%3D3%26l%3D39393638352927262634&amp;g5=thunderNoiseGenerator.php%3Fc%3D3&amp;yt=
Fri Jul 28 20:16:06 2023 ERROR: Couldn't find noise machine caveExplorationNoiseGenerator.php. Consider scraping title at url: https://mynoise.net/superGenerator.php?g1=singingBowlsDroneGenerator.php%3Fc%3D3%26l%3D25192029212420283620%26a%3D1&amp;g2=waterfallNoiseGenerator.php%3Fc%3D3%26l%3D39343534352727262834&amp;g3=caveExplorationNoiseGenerator.php%3Fc%3D3%26l%3D65593534352727262835&amp;g4=infiniteChoirDroneGenerator.php%3Fc%3D3%26l%3D39393638352927262634&amp;g5=thunderNoiseGenerator.php%3Fc%3D3&amp;yt=
Fri Jul 28 20:16:06 2023 ERROR: A referenced noise machine is not defined: post Id: 40zwzx - https://mynoise.net/superGenerator.php?g1=singingBowlsDroneGenerator.php%3Fc%3D3%26l%3D25192029212420283620%26a%3D1&amp;g2=waterfallNoiseGenerator.php%3Fc%3D3%26l%3D39343534352727262834&amp;g3=caveExplorationNoiseGenerator.php%3Fc%3D3%26l%3D65593534352727262835&amp;g4=infiniteChoirDroneGenerator.php%3Fc%3D3%26l%3D39393638352927262634&amp;g5=thunderNoiseGenerator.php%3Fc%3D3&amp;yt=
Fri Jul 28 20:17:29 2023 INFO: Noise machine already exists for: thunderNoiseGenerator.php
Fri Jul 28 20:17:29 2023 INFO: Noise machine already exists for: campingRainNoiseGenerator.php
Fri Jul 28 20:17:29 2023 INFO: Noise machine already exists for: fireNoiseGenerator.php
Fri Jul 28 20:17:29 2023 INFO: Noise machine already exists for: tinRoofRainNoiseGenerator.php
Fri Jul 28 20:17:29 2023 INFO: Noise machine already exists for: whiteNoiseGenerator.php
Fri Jul 28 20:17:29 2023 INFO: Noise machine already exists for: greyNoiseGenerator.php
Fri Jul 28 20:17:29 2023 INFO: Noise machine already exists for: impulseNoiseGenerator.php
Fri Jul 28 20:17:29 2023 INFO: Noise machine already exists for: sweepNoiseGenerator.php
Fri Jul 28 20:17:29 2023 INFO: Noise machine already exists for: binauralBrainwaveGenerator.php
Fri Jul 28 20:17:29 2023 INFO: Noise machine already exists for: isochronicBrainwaveGenerator.php
Fri Jul 28 20:17:29 2023 INFO: Noise machine already exists for: pureBinauralBrainwaveGenerator.php
Fri Jul 28 20:17:29 2023 INFO: Noise machine already exists for: auralScannerNoiseGenerator.php
Fri Jul 28 20:17:29 2023 INFO: Noise machine already exists for: japaneseGardenSoundscapeGenerator.php
Fri Jul 28 20:17:29 2023 INFO: Noise machine already exists for: windSeaRainNoiseGenerator.php
Fri Jul 28 20:17:29 2023 INFO: Noise machine already exists for: primevalEuropeanForestSoundscapeGenerator.php
Fri Jul 28 20:17:29 2023 INFO: Noise machine already exists for: healingWaterSoundscapeGenerator.php
Fri Jul 28 20:17:29 2023 INFO: Noise machine already exists for: autumnWalkSoundscapeGenerator.php
Fri Jul 28 20:17:29 2023 INFO: Noise machine already exists for: customStormy.php
Fri Jul 28 20:17:29 2023 INFO: Noise machine already exists for: medievalVillageSoundscapeGenerator.php
Fri Jul 28 20:17:29 2023 INFO: Noise machine already exists for: customTheNameOfTheRose.php
Fri Jul 28 20:17:29 2023 INFO: Noise machine already exists for: magicSirenSongGenerator.php
Fri Jul 28 20:17:29 2023 INFO: Noise machine already exists for: magicRainyDaysGenerator.php
Fri Jul 28 20:17:29 2023 INFO: Noise machine already exists for: magicMeditationGenerator.php
Fri Jul 28 20:17:29 2023 INFO: Noise machine already exists for: magicSpaceGenerator.php
Fri Jul 28 20:17:29 2023 INFO: Noise machine already exists for: gregorianChoirGenerator.php
Fri Jul 28 20:17:29 2023 INFO: Noise machine already exists for: enliaVocalSoundscape.php
Fri Jul 28 20:17:29 2023 INFO: Noise machine already exists for: deepVoiceSoundscape.php
Fri Jul 28 20:17:29 2023 INFO: Noise machine already exists for: tongueDrumSoundscapeGenerator.php
Fri Jul 28 20:17:29 2023 INFO: Noise machine already exists for: dudukSoundGenerator.php
Fri Jul 28 20:17:29 2023 INFO: Noise machine already exists for: acousticPianoSoundscapeGenerator.php
Fri Jul 28 20:17:29 2023 INFO: Noise machine already exists for: benClarkMarimbaGenerator.php
Fri Jul 28 20:17:29 2023 INFO: Noise machine already exists for: cinematicEasternSoundscapeGenerator.php
Fri Jul 28 20:17:29 2023 INFO: Noise machine already exists for: japaneseSuikinkutsuSoundscapeGenerator.php
Fri Jul 28 20:17:29 2023 INFO: Noise machine already exists for: rhodesSoundscapeGenerator.php
Fri Jul 28 20:17:29 2023 INFO: Noise machine already exists for: paulNagleSequenceGenerator.php
Fri Jul 28 20:17:29 2023 INFO: Noise machine already exists for: twinBlackLodgesSoundscapeGenerator.php
Fri Jul 28 20:17:29 2023 INFO: Noise machine already exists for: loadingScreenSoundscapeGenerator.php
Fri Jul 28 20:17:29 2023 INFO: Noise machine already exists for: intergalacticSoundscapeGenerator.php
Fri Jul 28 20:17:29 2023 INFO: Noise machine already exists for: sleepingDragonToneGenerator.php
Fri Jul 28 20:17:29 2023 INFO: Noise machine already exists for: anamnesisSoundscapeGenerator.php
Fri Jul 28 20:17:29 2023 INFO: Noise machine already exists for: osmosisDroneGenerator.php
Fri Jul 28 20:17:29 2023 INFO: Noise machine already exists for: buddhistTempleCeremonySoundscapeGenerator.php
Fri Jul 28 20:17:29 2023 INFO: Noise machine already exists for: cafeRestaurantNoiseGenerator.php
Fri Jul 28 20:17:29 2023 INFO: Noise machine already exists for: carInteriorSoundscapeGenerator.php
Fri Jul 28 20:17:29 2023 INFO: Noise machine already exists for: churchAtmosphereSoundGenerator.php
Fri Jul 28 20:17:29 2023 INFO: Noise machine already exists for: dataCenterNoiseGenerator.php
Fri Jul 28 20:17:29 2023 INFO: Noise machine already exists for: dustyScratchedVinylNoiseGenerator.php
Fri Jul 28 20:17:29 2023 INFO: Noise machine already exists for: fanNoiseGenerator.php
Fri Jul 28 20:17:29 2023 INFO: Noise machine already exists for: steelMillNoiseGenerator.php
Fri Jul 28 20:17:29 2023 INFO: Noise machine already exists for: industrialRevolutionNoiseGenerator.php
Fri Jul 28 20:17:29 2023 INFO: Noise machine already exists for: railroadNoiseGenerator.php
Fri Jul 28 20:17:29 2023 INFO: Noise machine already exists for: spaceshipNoiseGenerator.php
Fri Jul 28 20:17:29 2023 INFO: Noise machine already exists for: propellerNoiseGenerator.php
Fri Jul 28 20:17:29 2023 INFO: Noise machine already exists for: squeakingSailboatSoundscapeGenerator.php
Fri Jul 28 20:17:29 2023 INFO: Noise machine already exists for: cabinNoiseGenerator.php
Fri Jul 28 20:17:29 2023 INFO: Noise machine already exists for: customRainInTheCity.php
Fri Jul 28 20:17:29 2023 INFO: Noise machine already exists for: singingBowlsDroneGenerator.php
Fri Jul 28 20:17:29 2023 INFO: Noise machine already exists for: throatSingingDroneGenerator.php
Fri Jul 28 20:17:29 2023 INFO: Noise machine already exists for: iceDroneGenerator.php
Fri Jul 28 20:17:29 2023 INFO: Noise machine already exists for: orchestronDroneGenerator.php
Fri Jul 28 20:17:29 2023 INFO: Noise machine already exists for: polyrhythmBeatGenerator.php
Fri Jul 28 20:17:29 2023 INFO: Noise machine already exists for: stalactitesCaveChimeSoundscapeGenerator.php
Fri Jul 28 20:17:29 2023 INFO: Noise machine already exists for: contemplationCaveGenerator.php
Fri Jul 28 20:17:29 2023 INFO: Expected noise machine URL domain to be mynoise.net. Skipping: post Id: fuh62p - https://gfycat.com/snivelingunlinedkinkajou
Fri Jul 28 20:17:29 2023 ERROR: Couldn't find noise machine oblivionSoundscapeGenerator.php. Consider scraping title at url: http://mynoise.net/superGenerator.php?g1=impulseNoiseGenerator.php%3Fc%3D3%26l%3D99685751232832400000&amp;g2=oblivionSoundscapeGenerator.php%3Fc%3D3%26l%3D63856700000035330022&amp;g3=rhodesSoundscapeGenerator.php%3Fc%3D3%26l%3D00001655000000530000&amp;g4=windNoiseGenerator.php%3Fc%3D3%26l%3D00000039004600440000&amp;g5=isochronicBrainwaveGenerator.php%3Fc%3D3%26l%3D00000000000000000000&amp;yt=
Fri Jul 28 20:17:29 2023 ERROR: Couldn't find noise machine windNoiseGenerator.php. Consider scraping title at url: http://mynoise.net/superGenerator.php?g1=impulseNoiseGenerator.php%3Fc%3D3%26l%3D99685751232832400000&amp;g2=oblivionSoundscapeGenerator.php%3Fc%3D3%26l%3D63856700000035330022&amp;g3=rhodesSoundscapeGenerator.php%3Fc%3D3%26l%3D00001655000000530000&amp;g4=windNoiseGenerator.php%3Fc%3D3%26l%3D00000039004600440000&amp;g5=isochronicBrainwaveGenerator.php%3Fc%3D3%26l%3D00000000000000000000&amp;yt=
Fri Jul 28 20:17:29 2023 ERROR: A referenced noise machine is not defined: post Id: 2xpger - http://mynoise.net/superGenerator.php?g1=impulseNoiseGenerator.php%3Fc%3D3%26l%3D99685751232832400000&amp;g2=oblivionSoundscapeGenerator.php%3Fc%3D3%26l%3D63856700000035330022&amp;g3=rhodesSoundscapeGenerator.php%3Fc%3D3%26l%3D00001655000000530000&amp;g4=windNoiseGenerator.php%3Fc%3D3%26l%3D00000039004600440000&amp;g5=isochronicBrainwaveGenerator.php%3Fc%3D3%26l%3D00000000000000000000&amp;yt=
Fri Jul 28 20:17:29 2023 ERROR: Couldn't find noise machine grasslandSoundscapeGenerator.php. Consider scraping title at url: http://mynoise.net/superGenerator.php?g1=grasslandSoundscapeGenerator.php%3Fc%3D3%26l%3D14000000000300220001%26a%3D1&amp;g2=cafeRestaurantNoiseGenerator.php%3Fc%3D3%26l%3D00080212040600000019%26a%3D1&amp;g3=battlefieldRPGSoundscapeGenerator.php%3Fc%3D3%26l%3D00002341401712151021%26a%3D1&amp;g4=springWalkSoundscapeGenerator.php%3Fc%3D3%26l%3D42370401082603230000%26a%3D1&amp;g5=&amp;yt=
Fri Jul 28 20:17:29 2023 ERROR: Couldn't find noise machine battlefieldRPGSoundscapeGenerator.php. Consider scraping title at url: http://mynoise.net/superGenerator.php?g1=grasslandSoundscapeGenerator.php%3Fc%3D3%26l%3D14000000000300220001%26a%3D1&amp;g2=cafeRestaurantNoiseGenerator.php%3Fc%3D3%26l%3D00080212040600000019%26a%3D1&amp;g3=battlefieldRPGSoundscapeGenerator.php%3Fc%3D3%26l%3D00002341401712151021%26a%3D1&amp;g4=springWalkSoundscapeGenerator.php%3Fc%3D3%26l%3D42370401082603230000%26a%3D1&amp;g5=&amp;yt=
Fri Jul 28 20:17:29 2023 ERROR: A referenced noise machine is not defined: post Id: 2ygx23 - http://mynoise.net/superGenerator.php?g1=grasslandSoundscapeGenerator.php%3Fc%3D3%26l%3D14000000000300220001%26a%3D1&amp;g2=cafeRestaurantNoiseGenerator.php%3Fc%3D3%26l%3D00080212040600000019%26a%3D1&amp;g3=battlefieldRPGSoundscapeGenerator.php%3Fc%3D3%26l%3D00002341401712151021%26a%3D1&amp;g4=springWalkSoundscapeGenerator.php%3Fc%3D3%26l%3D42370401082603230000%26a%3D1&amp;g5=&amp;yt=
Fri Jul 28 20:17:29 2023 ERROR: Couldn't find noise machine stardustDroneGenerator.php. Consider scraping title at url: http://mynoise.net/superGenerator.php?g1=spaceshipNoiseGenerator.php%3Fc%3D3%26l%3D90909013161209151016&amp;g2=stardustDroneGenerator.php%3Fc%3D3%26l%3D41322516141305010400&amp;g3=deepOceanSoundscapeGenerator.php%3Fc%3D3%26l%3D50281515140700000914&amp;g4=cabinNoiseGenerator.php%3Fc%3D3%26l%3D63524038372115000000&amp;g5=&amp;yt=
Fri Jul 28 20:17:29 2023 ERROR: Couldn't find noise machine deepOceanSoundscapeGenerator.php. Consider scraping title at url: http://mynoise.net/superGenerator.php?g1=spaceshipNoiseGenerator.php%3Fc%3D3%26l%3D90909013161209151016&amp;g2=stardustDroneGenerator.php%3Fc%3D3%26l%3D41322516141305010400&amp;g3=deepOceanSoundscapeGenerator.php%3Fc%3D3%26l%3D50281515140700000914&amp;g4=cabinNoiseGenerator.php%3Fc%3D3%26l%3D63524038372115000000&amp;g5=&amp;yt=
Fri Jul 28 20:17:29 2023 ERROR: A referenced noise machine is not defined: post Id: 2zcteu - http://mynoise.net/superGenerator.php?g1=spaceshipNoiseGenerator.php%3Fc%3D3%26l%3D90909013161209151016&amp;g2=stardustDroneGenerator.php%3Fc%3D3%26l%3D41322516141305010400&amp;g3=deepOceanSoundscapeGenerator.php%3Fc%3D3%26l%3D50281515140700000914&amp;g4=cabinNoiseGenerator.php%3Fc%3D3%26l%3D63524038372115000000&amp;g5=&amp;yt=
Fri Jul 28 20:17:29 2023 ERROR: Couldn't find noise machine ultrasonicNoiseGenerator.php. Consider scraping title at url: http://mynoise.net/superGenerator.php?g1=cafeRestaurantNoiseGenerator.php%3Fc%3D3%26l%3D07003441000037303528&amp;g2=rainyRiverbankSoundscapeGenerator.php%3Fc%3D3%26l%3D00003535000035355469&amp;g3=tibetSoundscapeGenerator.php%3Fc%3D3%26l%3D00000000000000000045&amp;g4=ultrasonicNoiseGenerator.php%3Fc%3D3%26l%3D00333928000000000000&amp;g5=&amp;yt=
Fri Jul 28 20:17:29 2023 ERROR: A referenced noise machine is not defined: post Id: 3j8ztg - http://mynoise.net/superGenerator.php?g1=cafeRestaurantNoiseGenerator.php%3Fc%3D3%26l%3D07003441000037303528&amp;g2=rainyRiverbankSoundscapeGenerator.php%3Fc%3D3%26l%3D00003535000035355469&amp;g3=tibetSoundscapeGenerator.php%3Fc%3D3%26l%3D00000000000000000045&amp;g4=ultrasonicNoiseGenerator.php%3Fc%3D3%26l%3D00333928000000000000&amp;g5=&amp;yt=
Fri Jul 28 20:17:29 2023 ERROR: Couldn't find noise machine waterSpringStreamNoiseGenerator.php. Consider scraping title at url: http://mynoise.net/superGenerator.php?g1=waterSpringStreamNoiseGenerator.php%3Fc%3D3%26l%3D00004039003544324535&amp;g2=throatSingingDroneGenerator.php%3Fc%3D3%26l%3D41313732362500000000&amp;g3=springWalkSoundscapeGenerator.php%3Fc%3D3%26l%3D00000000004044000000&amp;g4=singingBowlsDroneGenerator.php%3Fc%3D3%26l%3D41433231002836340000&amp;g5=himalayanVoicesSongGenerator.php%3Fc%3D3%26l%3D00003126460000000000&amp;yt=
Fri Jul 28 20:17:29 2023 ERROR: A referenced noise machine is not defined: post Id: 46gn4i - http://mynoise.net/superGenerator.php?g1=waterSpringStreamNoiseGenerator.php%3Fc%3D3%26l%3D00004039003544324535&amp;g2=throatSingingDroneGenerator.php%3Fc%3D3%26l%3D41313732362500000000&amp;g3=springWalkSoundscapeGenerator.php%3Fc%3D3%26l%3D00000000004044000000&amp;g4=singingBowlsDroneGenerator.php%3Fc%3D3%26l%3D41433231002836340000&amp;g5=himalayanVoicesSongGenerator.php%3Fc%3D3%26l%3D00003126460000000000&amp;yt=
Fri Jul 28 20:17:29 2023 ERROR: Couldn't find noise machine grasslandSoundscapeGenerator.php. Consider scraping title at url: http://mynoise.net/superGenerator.php?g1=grasslandSoundscapeGenerator.php%3Fc%3D3%26l%3D14000000000300220001%26a%3D1&amp;g2=cafeRestaurantNoiseGenerator.php%3Fc%3D3%26l%3D00080212040600000019%26a%3D1&amp;g3=battlefieldRPGSoundscapeGenerator.php%3Fc%3D3%26l%3D00002341401712151021%26a%3D1&amp;g4=springWalkSoundscapeGenerator.php%3Fc%3D3%26l%3D42370401082603230000%26a%3D1&amp;g5=&amp;yt=
Fri Jul 28 20:17:29 2023 ERROR: Couldn't find noise machine battlefieldRPGSoundscapeGenerator.php. Consider scraping title at url: http://mynoise.net/superGenerator.php?g1=grasslandSoundscapeGenerator.php%3Fc%3D3%26l%3D14000000000300220001%26a%3D1&amp;g2=cafeRestaurantNoiseGenerator.php%3Fc%3D3%26l%3D00080212040600000019%26a%3D1&amp;g3=battlefieldRPGSoundscapeGenerator.php%3Fc%3D3%26l%3D00002341401712151021%26a%3D1&amp;g4=springWalkSoundscapeGenerator.php%3Fc%3D3%26l%3D42370401082603230000%26a%3D1&amp;g5=&amp;yt=
Fri Jul 28 20:17:29 2023 ERROR: A referenced noise machine is not defined: post Id: 2zcteu - http://mynoise.net/superGenerator.php?g1=grasslandSoundscapeGenerator.php%3Fc%3D3%26l%3D14000000000300220001%26a%3D1&amp;g2=cafeRestaurantNoiseGenerator.php%3Fc%3D3%26l%3D00080212040600000019%26a%3D1&amp;g3=battlefieldRPGSoundscapeGenerator.php%3Fc%3D3%26l%3D00002341401712151021%26a%3D1&amp;g4=springWalkSoundscapeGenerator.php%3Fc%3D3%26l%3D42370401082603230000%26a%3D1&amp;g5=&amp;yt=
Fri Jul 28 20:17:30 2023 ERROR: Couldn't find noise machine grasslandSoundscapeGenerator.php. Consider scraping title at url: http://mynoise.net/superGenerator.php?g1=grasslandSoundscapeGenerator.php%3Fc%3D3%26l%3D11000000000000251105%26a%3D1&amp;g2=windNoiseGenerator.php%3Fc%3D3%26l%3D00000000010009020653%26a%3D1&amp;g3=thunderNoiseGenerator.php%3Fc%3D3%26l%3D43474841220000000000%26a%3D1&amp;g4=&amp;g5=&amp;yt=
Fri Jul 28 20:17:30 2023 ERROR: Couldn't find noise machine windNoiseGenerator.php. Consider scraping title at url: http://mynoise.net/superGenerator.php?g1=grasslandSoundscapeGenerator.php%3Fc%3D3%26l%3D11000000000000251105%26a%3D1&amp;g2=windNoiseGenerator.php%3Fc%3D3%26l%3D00000000010009020653%26a%3D1&amp;g3=thunderNoiseGenerator.php%3Fc%3D3%26l%3D43474841220000000000%26a%3D1&amp;g4=&amp;g5=&amp;yt=
Fri Jul 28 20:17:30 2023 ERROR: A referenced noise machine is not defined: post Id: 2zcteu - http://mynoise.net/superGenerator.php?g1=grasslandSoundscapeGenerator.php%3Fc%3D3%26l%3D11000000000000251105%26a%3D1&amp;g2=windNoiseGenerator.php%3Fc%3D3%26l%3D00000000010009020653%26a%3D1&amp;g3=thunderNoiseGenerator.php%3Fc%3D3%26l%3D43474841220000000000%26a%3D1&amp;g4=&amp;g5=&amp;yt=
Fri Jul 28 20:17:30 2023 ERROR: Couldn't find noise machine waterSpringStreamNoiseGenerator.php. Consider scraping title at url: http://mynoise.net/superGenerator.php?g1=waterSpringStreamNoiseGenerator.php%3Fc%3D3%26l%3D00004039003544324535&amp;g2=throatSingingDroneGenerator.php%3Fc%3D3%26l%3D41313732362500000000&amp;g3=springWalkSoundscapeGenerator.php%3Fc%3D3%26l%3D00000000004044000000&amp;g4=singingBowlsDroneGenerator.php%3Fc%3D3%26l%3D41433231002836340000&amp;g5=himalayanVoicesSongGenerator.php%3Fc%3D3%26l%3D00003126460000000000&amp;yt=
Fri Jul 28 20:17:30 2023 ERROR: A referenced noise machine is not defined: post Id: 2zcteu - http://mynoise.net/superGenerator.php?g1=waterSpringStreamNoiseGenerator.php%3Fc%3D3%26l%3D00004039003544324535&amp;g2=throatSingingDroneGenerator.php%3Fc%3D3%26l%3D41313732362500000000&amp;g3=springWalkSoundscapeGenerator.php%3Fc%3D3%26l%3D00000000004044000000&amp;g4=singingBowlsDroneGenerator.php%3Fc%3D3%26l%3D41433231002836340000&amp;g5=himalayanVoicesSongGenerator.php%3Fc%3D3%26l%3D00003126460000000000&amp;yt=
Fri Jul 28 20:17:30 2023 ERROR: Couldn't find noise machine trafficNoiseGenerator.php. Consider scraping title at url: http://mynoise.net/superGenerator.php?g1=trafficNoiseGenerator.php%3Fc%3D3%26l%3D32476464483200003200&amp;g2=whiteRainNoiseGenerator.php%3Fc%3D3%26l%3D00558945635237000000&amp;g3=&amp;g4=&amp;g5=
Fri Jul 28 20:17:30 2023 ERROR: A referenced noise machine is not defined: post Id: 2ft5ch - http://mynoise.net/superGenerator.php?g1=trafficNoiseGenerator.php%3Fc%3D3%26l%3D32476464483200003200&amp;g2=whiteRainNoiseGenerator.php%3Fc%3D3%26l%3D00558945635237000000&amp;g3=&amp;g4=&amp;g5=
Fri Jul 28 20:17:30 2023 ERROR: Couldn't find noise machine waterfallNoiseGenerator.php. Consider scraping title at url: https://mynoise.net/superGenerator.php?g1=singingBowlsDroneGenerator.php%3Fc%3D3%26l%3D25192029212420283620%26a%3D1&amp;g2=waterfallNoiseGenerator.php%3Fc%3D3%26l%3D39343534352727262834&amp;g3=caveExplorationNoiseGenerator.php%3Fc%3D3%26l%3D65593534352727262835&amp;g4=infiniteChoirDroneGenerator.php%3Fc%3D3%26l%3D39393638352927262634&amp;g5=thunderNoiseGenerator.php%3Fc%3D3&amp;yt=
Fri Jul 28 20:17:30 2023 ERROR: Couldn't find noise machine caveExplorationNoiseGenerator.php. Consider scraping title at url: https://mynoise.net/superGenerator.php?g1=singingBowlsDroneGenerator.php%3Fc%3D3%26l%3D25192029212420283620%26a%3D1&amp;g2=waterfallNoiseGenerator.php%3Fc%3D3%26l%3D39343534352727262834&amp;g3=caveExplorationNoiseGenerator.php%3Fc%3D3%26l%3D65593534352727262835&amp;g4=infiniteChoirDroneGenerator.php%3Fc%3D3%26l%3D39393638352927262634&amp;g5=thunderNoiseGenerator.php%3Fc%3D3&amp;yt=
Fri Jul 28 20:17:30 2023 ERROR: A referenced noise machine is not defined: post Id: 40zwzx - https://mynoise.net/superGenerator.php?g1=singingBowlsDroneGenerator.php%3Fc%3D3%26l%3D25192029212420283620%26a%3D1&amp;g2=waterfallNoiseGenerator.php%3Fc%3D3%26l%3D39343534352727262834&amp;g3=caveExplorationNoiseGenerator.php%3Fc%3D3%26l%3D65593534352727262835&amp;g4=infiniteChoirDroneGenerator.php%3Fc%3D3%26l%3D39393638352927262634&amp;g5=thunderNoiseGenerator.php%3Fc%3D3&amp;yt=
